<?xml version="1.0" encoding="UTF-8"?>
<testng-results skipped="0" failed="0" ignored="0" total="1" passed="1">
  <reporter-output>
  </reporter-output>
  <suite name="Suite" duration-ms="7280" started-at="2023-02-28T14:01:20Z" finished-at="2023-02-28T14:01:28Z">
    <groups>
    </groups>
    <test name="Test" duration-ms="7280" started-at="2023-02-28T14:01:20Z" finished-at="2023-02-28T14:01:28Z">
      <class name="projectjenkins.Class1">
        <test-method status="PASS" signature="getpageTitleOfFb()[pri:0, instance:projectjenkins.Class1@75f32542]" name="getpageTitleOfFb" duration-ms="7248" started-at="2023-02-28T14:01:20Z" finished-at="2023-02-28T14:01:28Z">
          <reporter-output>
          </reporter-output>
        </test-method> <!-- getpageTitleOfFb -->
      </class> <!-- projectjenkins.Class1 -->
    </test> <!-- Test -->
  </suite> <!-- Suite -->
</testng-results>
