<?xml version="1.0" encoding="UTF-8"?>
<testng-results skipped="0" failed="0" ignored="0" total="1" passed="1">
  <reporter-output>
  </reporter-output>
  <suite name="Default suite" duration-ms="9991" started-at="2023-03-01T15:53:12 IST" finished-at="2023-03-01T15:53:22 IST">
    <groups>
    </groups>
    <test name="Default test" duration-ms="9991" started-at="2023-03-01T15:53:12 IST" finished-at="2023-03-01T15:53:22 IST">
      <class name="projectjenkins.Class1">
        <test-method status="PASS" signature="getpageTitleOfFb()[pri:0, instance:projectjenkins.Class1@17d0685f]" name="getpageTitleOfFb" duration-ms="9936" started-at="2023-03-01T15:53:12 IST" finished-at="2023-03-01T15:53:22 IST">
          <reporter-output>
          </reporter-output>
        </test-method> <!-- getpageTitleOfFb -->
      </class> <!-- projectjenkins.Class1 -->
    </test> <!-- Default test -->
  </suite> <!-- Default suite -->
</testng-results>
